0 info it worked if it ends with ok
1 verbose cli [ '/Users/fengwenguang/.nvm/versions/node/v6.9.2/bin/node',
1 verbose cli   '/Users/fengwenguang/.nvm/versions/node/v6.9.2/bin/npm',
1 verbose cli   'install',
1 verbose cli   'mapv' ]
2 info using npm@3.10.9
3 info using node@v6.9.2
4 verbose config Skipping project config: /Users/fengwenguang/.npmrc. (matches userconfig)
5 silly loadCurrentTree Starting
6 silly install loadCurrentTree
7 silly install readLocalPackageData
8 silly fetchPackageMetaData mapv
9 silly fetchNamedPackageData mapv
10 silly mapToRegistry name mapv
11 silly mapToRegistry using default registry
12 silly mapToRegistry registry https://registry.npmjs.org/
13 silly mapToRegistry data Result {
13 silly mapToRegistry   raw: 'mapv',
13 silly mapToRegistry   scope: null,
13 silly mapToRegistry   escapedName: 'mapv',
13 silly mapToRegistry   name: 'mapv',
13 silly mapToRegistry   rawSpec: '',
13 silly mapToRegistry   spec: 'latest',
13 silly mapToRegistry   type: 'tag' }
14 silly mapToRegistry uri https://registry.npmjs.org/mapv
15 verbose request uri https://registry.npmjs.org/mapv
16 verbose request no auth needed
17 info attempt registry request try #1 at 14:37:22
18 verbose request using bearer token for auth
19 verbose request id 65173e260731e13a
20 http request GET https://registry.npmjs.org/mapv
21 http 200 https://registry.npmjs.org/mapv
22 verbose headers { server: 'nginx/1.10.3',
22 verbose headers   'content-type': 'application/json',
22 verbose headers   'last-modified': 'Sat, 01 Apr 2017 09:09:48 GMT',
22 verbose headers   etag: 'W/"58df6e5c-8c41"',
22 verbose headers   'content-encoding': 'gzip',
22 verbose headers   'cache-control': 'max-age=300',
22 verbose headers   'transfer-encoding': 'chunked',
22 verbose headers   'accept-ranges': 'bytes',
22 verbose headers   date: 'Mon, 24 Apr 2017 06:37:23 GMT',
22 verbose headers   via: '1.1 varnish',
22 verbose headers   connection: 'keep-alive',
22 verbose headers   'x-served-by': 'cache-nrt6120-NRT',
22 verbose headers   'x-cache': 'MISS',
22 verbose headers   'x-cache-hits': '0',
22 verbose headers   'x-timer': 'S1493015843.194733,VS0,VE500',
22 verbose headers   vary: 'Accept-Encoding' }
23 silly get cb [ 200,
23 silly get   { server: 'nginx/1.10.3',
23 silly get     'content-type': 'application/json',
23 silly get     'last-modified': 'Sat, 01 Apr 2017 09:09:48 GMT',
23 silly get     etag: 'W/"58df6e5c-8c41"',
23 silly get     'content-encoding': 'gzip',
23 silly get     'cache-control': 'max-age=300',
23 silly get     'transfer-encoding': 'chunked',
23 silly get     'accept-ranges': 'bytes',
23 silly get     date: 'Mon, 24 Apr 2017 06:37:23 GMT',
23 silly get     via: '1.1 varnish',
23 silly get     connection: 'keep-alive',
23 silly get     'x-served-by': 'cache-nrt6120-NRT',
23 silly get     'x-cache': 'MISS',
23 silly get     'x-cache-hits': '0',
23 silly get     'x-timer': 'S1493015843.194733,VS0,VE500',
23 silly get     vary: 'Accept-Encoding' } ]
24 verbose get saving mapv to /Users/fengwenguang/.npm/registry.npmjs.org/mapv/.cache.json
25 verbose correctMkdir /Users/fengwenguang/.npm correctMkdir not in flight; initializing
26 silly install normalizeTree
27 silly loadCurrentTree Finishing
28 silly loadIdealTree Starting
29 silly install loadIdealTree
30 silly cloneCurrentTree Starting
31 silly install cloneCurrentTreeToIdealTree
32 silly cloneCurrentTree Finishing
33 silly loadShrinkwrap Starting
34 silly install loadShrinkwrap
35 silly loadShrinkwrap Finishing
36 silly loadAllDepsIntoIdealTree Starting
37 silly install loadAllDepsIntoIdealTree
38 silly resolveWithNewModule mapv@2.0.13 checking installable status
39 silly cache add args [ 'mapv', null ]
40 verbose cache add spec mapv
41 silly cache add parsed spec Result {
41 silly cache add   raw: 'mapv',
41 silly cache add   scope: null,
41 silly cache add   escapedName: 'mapv',
41 silly cache add   name: 'mapv',
41 silly cache add   rawSpec: '',
41 silly cache add   spec: 'latest',
41 silly cache add   type: 'tag' }
42 silly addNamed mapv@latest
43 verbose addNamed "latest" is being treated as a dist-tag for mapv
44 info addNameTag [ 'mapv', 'latest' ]
45 silly mapToRegistry name mapv
46 silly mapToRegistry using default registry
47 silly mapToRegistry registry https://registry.npmjs.org/
48 silly mapToRegistry data Result {
48 silly mapToRegistry   raw: 'mapv',
48 silly mapToRegistry   scope: null,
48 silly mapToRegistry   escapedName: 'mapv',
48 silly mapToRegistry   name: 'mapv',
48 silly mapToRegistry   rawSpec: '',
48 silly mapToRegistry   spec: 'latest',
48 silly mapToRegistry   type: 'tag' }
49 silly mapToRegistry uri https://registry.npmjs.org/mapv
50 verbose addNameTag registry:https://registry.npmjs.org/mapv not in flight; fetching
51 verbose get https://registry.npmjs.org/mapv not expired, no request
52 silly addNameTag next cb for mapv with tag latest
53 silly addNamed mapv@2.0.13
54 verbose addNamed "2.0.13" is a plain semver version for mapv
55 silly mapToRegistry name mapv
56 silly mapToRegistry using default registry
57 silly mapToRegistry registry https://registry.npmjs.org/
58 silly mapToRegistry data Result {
58 silly mapToRegistry   raw: 'mapv',
58 silly mapToRegistry   scope: null,
58 silly mapToRegistry   escapedName: 'mapv',
58 silly mapToRegistry   name: 'mapv',
58 silly mapToRegistry   rawSpec: '',
58 silly mapToRegistry   spec: 'latest',
58 silly mapToRegistry   type: 'tag' }
59 silly mapToRegistry uri https://registry.npmjs.org/mapv
60 verbose addRemoteTarball https://registry.npmjs.org/mapv/-/mapv-2.0.13.tgz not in flight; adding
61 verbose addRemoteTarball [ 'https://registry.npmjs.org/mapv/-/mapv-2.0.13.tgz',
61 verbose addRemoteTarball   '8c64d32ecff265176ff671b4550f13547d4d8a56' ]
62 info retry fetch attempt 1 at 14:37:23
63 info attempt registry request try #1 at 14:37:23
64 http fetch GET https://registry.npmjs.org/mapv/-/mapv-2.0.13.tgz
65 verbose request using bearer token for auth
66 http fetch 200 https://registry.npmjs.org/mapv/-/mapv-2.0.13.tgz
67 silly fetchAndShaCheck shasum 8c64d32ecff265176ff671b4550f13547d4d8a56
68 silly rollbackFailedOptional Starting
69 silly rollbackFailedOptional Finishing
70 silly runTopLevelLifecycles Finishing
71 silly install printInstalled
72 verbose stack Error: shasum check failed for /var/folders/jy/_jhx5g0j2zz0_nkw1fd1xvzm0000gn/T/npm-32110-dac2776e/registry.npmjs.org/mapv/-/mapv-2.0.13.tgz
72 verbose stack Expected: 8c64d32ecff265176ff671b4550f13547d4d8a56
72 verbose stack Actual:   73a9eaabf17d565fa05303f36c2bfebbc7536fe5
72 verbose stack From:     https://registry.npmjs.org/mapv/-/mapv-2.0.13.tgz
72 verbose stack     at /Users/fengwenguang/.nvm/versions/node/v6.9.2/lib/node_modules/npm/node_modules/sha/index.js:25:8
72 verbose stack     at ReadStream.<anonymous> (/Users/fengwenguang/.nvm/versions/node/v6.9.2/lib/node_modules/npm/node_modules/sha/index.js:72:7)
72 verbose stack     at emitNone (events.js:91:20)
72 verbose stack     at ReadStream.emit (events.js:185:7)
72 verbose stack     at endReadableNT (_stream_readable.js:974:12)
72 verbose stack     at _combinedTickCallback (internal/process/next_tick.js:74:11)
72 verbose stack     at process._tickCallback (internal/process/next_tick.js:98:9)
73 verbose cwd /Users/fengwenguang/Desktop/ffmBlog/static
74 error Darwin 15.6.0
75 error argv "/Users/fengwenguang/.nvm/versions/node/v6.9.2/bin/node" "/Users/fengwenguang/.nvm/versions/node/v6.9.2/bin/npm" "install" "mapv"
76 error node v6.9.2
77 error npm  v3.10.9
78 error shasum check failed for /var/folders/jy/_jhx5g0j2zz0_nkw1fd1xvzm0000gn/T/npm-32110-dac2776e/registry.npmjs.org/mapv/-/mapv-2.0.13.tgz
78 error Expected: 8c64d32ecff265176ff671b4550f13547d4d8a56
78 error Actual:   73a9eaabf17d565fa05303f36c2bfebbc7536fe5
78 error From:     https://registry.npmjs.org/mapv/-/mapv-2.0.13.tgz
79 error If you need help, you may report this error at:
79 error     <https://github.com/npm/npm/issues>
80 verbose exit [ 1, true ]
